<?xml version="1.0" encoding="UTF-8"?>
<!-- Generated by org.testng.reporters.JUnitReportReporter -->
<testsuite name="com.flipcart.testcases.loginFlipcartTestCase" tests="2" time="6.529" ignored="2" failures="0" timestamp="25 Apr 2020 02:08:12 GMT" skipped="0" hostname="Narayan-PC" errors="0">
  <testcase name="loginFlipCart" time="2.005" classname="com.flipcart.testcases.loginFlipcartTestCase"/>
  <testcase name="test2" time="4.524" classname="com.flipcart.testcases.loginFlipcartTestCase"/>
  <testcase name="setupSuite" classname="com.flipcart.pages.BaseClass">
    <skipped/>
  </testcase> <!-- setupSuite -->
  <testcase name="teardown" classname="com.flipcart.pages.BaseClass">
    <skipped/>
  </testcase> <!-- teardown -->
</testsuite> <!-- com.flipcart.testcases.loginFlipcartTestCase -->
